<?xml version="1.0" encoding="UTF-8"?>
<!-- Generated by org.testng.reporters.JUnitXMLReporter -->
<testsuite ignored="0" hostname="PSSHYDSYS007" failures="1" tests="3" name="Default test" time="111.222" errors="0" timestamp="2022-12-28T18:07:20 IST">
  <testcase classname="testCases.OrganizationMaster_PageTest" name="ValidatetheOrgnanizationMasterURL" time="23.628"/>
  <testcase classname="testCases.OrganizationMaster_PageTest" name="OrganizationMasterdata" time="0.669">
    <failure type="org.testng.internal.reflect.MethodMatcherException" message="
[public void testCases.OrganizationMaster_PageTest.OrganizationMasterdata(java.lang.String,java.lang.String,java.lang.String,java.lang.String,java.lang.String,java.lang.String,java.lang.String,java.lang.String,java.lang.String,java.lang.String) throws java.lang.InterruptedException] has no parameters defined but was found to be using a data provider (either explicitly specified or inherited from class level annotation).
Data provider mismatch
Method: OrganizationMasterdata([java.lang.String arg0, java.lang.String arg1, java.lang.String arg2, java.lang.String arg3, java.lang.String arg4, java.lang.String arg5, java.lang.String arg6, java.lang.String arg7, java.lang.String arg8, java.lang.String arg9])
Arguments: [(java.lang.String) RAMND,(java.lang.String) RMS,(java.lang.String) 0001,(java.lang.String) MAMA,(java.lang.String) Ameerpet-500073,(java.lang.String) 500073.0,(java.lang.String) 7.89654123E9,(java.lang.String) testq@mail.com,(java.lang.String) varuntech.com]">
      <![CDATA[org.testng.internal.reflect.MethodMatcherException: 
[public void testCases.OrganizationMaster_PageTest.OrganizationMasterdata(java.lang.String,java.lang.String,java.lang.String,java.lang.String,java.lang.String,java.lang.String,java.lang.String,java.lang.String,java.lang.String,java.lang.String) throws java.lang.InterruptedException] has no parameters defined but was found to be using a data provider (either explicitly specified or inherited from class level annotation).
Data provider mismatch
Method: OrganizationMasterdata([java.lang.String arg0, java.lang.String arg1, java.lang.String arg2, java.lang.String arg3, java.lang.String arg4, java.lang.String arg5, java.lang.String arg6, java.lang.String arg7, java.lang.String arg8, java.lang.String arg9])
Arguments: [(java.lang.String) RAMND,(java.lang.String) RMS,(java.lang.String) 0001,(java.lang.String) MAMA,(java.lang.String) Ameerpet-500073,(java.lang.String) 500073.0,(java.lang.String) 7.89654123E9,(java.lang.String) testq@mail.com,(java.lang.String) varuntech.com]
at org.testng.internal.reflect.DataProviderMethodMatcher.getConformingArguments(DataProviderMethodMatcher.java:46)
at org.testng.internal.Parameters.injectParameters(Parameters.java:918)
at org.testng.internal.invokers.MethodRunner.runInSequence(MethodRunner.java:37)
at org.testng.internal.invokers.TestInvoker$MethodInvocationAgent.invoke(TestInvoker.java:962)
at org.testng.internal.invokers.TestInvoker.invokeTestMethods(TestInvoker.java:194)
at org.testng.internal.invokers.TestMethodWorker.invokeTestMethods(TestMethodWorker.java:148)
at org.testng.internal.invokers.TestMethodWorker.run(TestMethodWorker.java:128)
at java.base/java.util.ArrayList.forEach(ArrayList.java:1541)
at org.testng.TestRunner.privateRun(TestRunner.java:806)
at org.testng.TestRunner.run(TestRunner.java:601)
at org.testng.SuiteRunner.runTest(SuiteRunner.java:433)
at org.testng.SuiteRunner.runSequentially(SuiteRunner.java:427)
at org.testng.SuiteRunner.privateRun(SuiteRunner.java:387)
at org.testng.SuiteRunner.run(SuiteRunner.java:330)
at org.testng.SuiteRunnerWorker.runSuite(SuiteRunnerWorker.java:52)
at org.testng.SuiteRunnerWorker.run(SuiteRunnerWorker.java:95)
at org.testng.TestNG.runSuitesSequentially(TestNG.java:1256)
at org.testng.TestNG.runSuitesLocally(TestNG.java:1176)
at org.testng.TestNG.runSuites(TestNG.java:1099)
at org.testng.TestNG.run(TestNG.java:1067)
at org.testng.remote.AbstractRemoteTestNG.run(AbstractRemoteTestNG.java:115)
at org.testng.remote.RemoteTestNG.initAndRun(RemoteTestNG.java:251)
at org.testng.remote.RemoteTestNG.main(RemoteTestNG.java:77)
]]>
    </failure>
  </testcase> <!-- OrganizationMasterdata -->
  <testcase classname="testCases.OrganizationMaster_PageTest" name="DeleteOrgMaster" time="42.855"/>
</testsuite> <!-- Default test -->
